\BOOKMARK [1][-]{section.1}{Introduction}{}% 1
\BOOKMARK [1][-]{section.2}{Algorithms}{}% 2
\BOOKMARK [2][-]{subsection.2.1}{Gradient Descent}{section.2}% 3
\BOOKMARK [3][-]{subsubsection.2.1.1}{Gradient Descent Pseudocode}{subsection.2.1}% 4
\BOOKMARK [2][-]{subsection.2.2}{Adam Optimizer}{section.2}% 5
\BOOKMARK [3][-]{subsubsection.2.2.1}{Algorithm 1: Adam optimization step}{subsection.2.2}% 6
\BOOKMARK [2][-]{subsection.2.3}{BFGS}{section.2}% 7
\BOOKMARK [3][-]{subsubsection.2.3.1}{BFGS pseudocode}{subsection.2.3}% 8
\BOOKMARK [1][-]{section.3}{Toy Problem Description}{}% 9
\BOOKMARK [1][-]{section.4}{Benchmark problem description}{}% 10
\BOOKMARK [1][-]{section.5}{Performance Characteristics}{}% 11
\BOOKMARK [2][-]{subsection.5.1}{Performance characteristics on example problem of all three algorithms}{section.5}% 12
\BOOKMARK [2][-]{subsection.5.2}{MNIST Problem: Gradient Descent Performance Characteristics}{section.5}% 13
\BOOKMARK [2][-]{subsection.5.3}{MNIST Problem: Adam optimizer performance characteristics}{section.5}% 14
\BOOKMARK [2][-]{subsection.5.4}{Gradient Descent Performance Characteristics}{section.5}% 15
\BOOKMARK [3][-]{subsubsection.5.4.1}{Gradient Descent Performance Characteristics Toy Problem}{subsection.5.4}% 16
\BOOKMARK [3][-]{subsubsection.5.4.2}{Gradient Descent Performance Characteristics MNIST}{subsection.5.4}% 17
\BOOKMARK [2][-]{subsection.5.5}{Adam Optimizer Performance Characteristics}{section.5}% 18
\BOOKMARK [3][-]{subsubsection.5.5.1}{Adam Optimizer Performance Characteristics Toy Problem}{subsection.5.5}% 19
\BOOKMARK [3][-]{subsubsection.5.5.2}{Adam Optimizer Performance Characteristics MNIST}{subsection.5.5}% 20
\BOOKMARK [2][-]{subsection.5.6}{MNIST Problem: BFGS Performance Characteristics}{section.5}% 21
\BOOKMARK [1][-]{section.6}{Numerical results and discussion}{}% 22
\BOOKMARK [1][-]{section.7}{Conclusion}{}% 23
